<?xml version="1.0" encoding="UTF-8"?>
<testng-results skipped="0" failed="0" ignored="0" total="1" passed="1">
  <reporter-output>
  </reporter-output>
  <suite name="Suite" duration-ms="7326" started-at="2023-08-10T12:50:30 EDT" finished-at="2023-08-10T12:50:37 EDT">
    <groups>
    </groups>
    <test name="Test" duration-ms="7326" started-at="2023-08-10T12:50:30 EDT" finished-at="2023-08-10T12:50:37 EDT">
      <class name="WebDriverManager.Chrome">
        <test-method status="PASS" signature="S4Chrome()[pri:0, instance:WebDriverManager.Chrome@79924b]" name="S4Chrome" duration-ms="7097" started-at="2023-08-10T12:50:30 EDT" finished-at="2023-08-10T12:50:37 EDT">
          <reporter-output>
          </reporter-output>
        </test-method> <!-- S4Chrome -->
      </class> <!-- WebDriverManager.Chrome -->
    </test> <!-- Test -->
  </suite> <!-- Suite -->
</testng-results>
