<?xml version="1.0" encoding="UTF-8"?>
<testng-results skipped="0" failed="0" ignored="0" total="1" passed="1">
  <reporter-output>
  </reporter-output>
  <suite name="Default suite" duration-ms="7514" started-at="2023-08-07T15:10:02 EDT" finished-at="2023-08-07T15:10:10 EDT">
    <groups>
    </groups>
    <test name="Default test" duration-ms="7514" started-at="2023-08-07T15:10:02 EDT" finished-at="2023-08-07T15:10:10 EDT">
      <class name="Basics.SwitchToNewWindow">
        <test-method status="PASS" signature="setUp()[pri:0, instance:Basics.SwitchToNewWindow@10a035a0]" name="setUp" duration-ms="6672" started-at="2023-08-07T15:10:02 EDT" finished-at="2023-08-07T15:10:09 EDT">
          <reporter-output>
          </reporter-output>
        </test-method> <!-- setUp -->
        <test-method status="PASS" signature="tearDown()[pri:0, instance:Basics.SwitchToNewWindow@10a035a0]" name="tearDown" is-config="true" duration-ms="804" started-at="2023-08-07T15:10:09 EDT" finished-at="2023-08-07T15:10:10 EDT">
          <reporter-output>
          </reporter-output>
        </test-method> <!-- tearDown -->
      </class> <!-- Basics.SwitchToNewWindow -->
    </test> <!-- Default test -->
  </suite> <!-- Default suite -->
</testng-results>
